{"E:\\RSSchool\\React2024Q3\\src\\index.tsx": {"path":"E:\\RSSchool\\React2024Q3\\src\\index.tsx","all":true,"statementMap":{"0":{"start":{"line":1,"column":0},"end":{"line":1,"column":40}},"1":{"start":{"line":2,"column":0},"end":{"line":2,"column":28}},"2":{"start":{"line":3,"column":0},"end":{"line":3,"column":24}},"3":{"start":{"line":4,"column":0},"end":{"line":4,"column":64}},"4":{"start":{"line":5,"column":0},"end":{"line":5,"column":35}},"5":{"start":{"line":6,"column":0},"end":{"line":6,"column":55}},"6":{"start":{"line":7,"column":0},"end":{"line":7,"column":49}},"8":{"start":{"line":9,"column":0},"end":{"line":9,"column":61}},"9":{"start":{"line":10,"column":0},"end":{"line":10,"column":17}},"10":{"start":{"line":11,"column":0},"end":{"line":11,"column":19}},"11":{"start":{"line":12,"column":0},"end":{"line":12,"column":14}},"12":{"start":{"line":13,"column":0},"end":{"line":13,"column":42}},"13":{"start":{"line":14,"column":0},"end":{"line":14,"column":66}},"14":{"start":{"line":15,"column":0},"end":{"line":15,"column":16}},"15":{"start":{"line":16,"column":0},"end":{"line":16,"column":51}},"16":{"start":{"line":17,"column":0},"end":{"line":17,"column":66}},"17":{"start":{"line":18,"column":0},"end":{"line":18,"column":16}},"18":{"start":{"line":19,"column":0},"end":{"line":19,"column":49}},"19":{"start":{"line":20,"column":0},"end":{"line":20,"column":15}},"20":{"start":{"line":21,"column":0},"end":{"line":21,"column":20}},"21":{"start":{"line":22,"column":0},"end":{"line":22,"column":18}},"22":{"start":{"line":23,"column":0},"end":{"line":23,"column":2}}},"s":{"0":0,"1":0,"2":0,"3":0,"4":0,"5":0,"6":0,"8":0,"9":0,"10":0,"11":0,"12":0,"13":0,"14":0,"15":0,"16":0,"17":0,"18":0,"19":0,"20":0,"21":0,"22":0},"branchMap":{"0":{"type":"branch","line":1,"loc":{"start":{"line":1,"column":811},"end":{"line":23,"column":2}},"locations":[{"start":{"line":1,"column":811},"end":{"line":23,"column":2}}]}},"b":{"0":[0]},"fnMap":{"0":{"name":"(empty-report)","decl":{"start":{"line":1,"column":811},"end":{"line":23,"column":2}},"loc":{"start":{"line":1,"column":811},"end":{"line":23,"column":2}},"line":1}},"f":{"0":0}}
,"E:\\RSSchool\\React2024Q3\\src\\api\\poke.ts": {"path":"E:\\RSSchool\\React2024Q3\\src\\api\\poke.ts","all":false,"statementMap":{"0":{"start":{"line":1,"column":0},"end":{"line":1,"column":73}},"1":{"start":{"line":2,"column":0},"end":{"line":2,"column":30}},"25":{"start":{"line":26,"column":0},"end":{"line":26,"column":36}},"26":{"start":{"line":27,"column":0},"end":{"line":27,"column":27}},"27":{"start":{"line":28,"column":0},"end":{"line":28,"column":58}},"28":{"start":{"line":29,"column":0},"end":{"line":29,"column":26}},"29":{"start":{"line":30,"column":0},"end":{"line":30,"column":44}},"30":{"start":{"line":31,"column":0},"end":{"line":31,"column":58}},"31":{"start":{"line":32,"column":0},"end":{"line":32,"column":16}},"32":{"start":{"line":33,"column":0},"end":{"line":33,"column":34}},"33":{"start":{"line":34,"column":0},"end":{"line":34,"column":9}},"34":{"start":{"line":35,"column":0},"end":{"line":35,"column":7}},"36":{"start":{"line":37,"column":0},"end":{"line":37,"column":44}},"37":{"start":{"line":38,"column":0},"end":{"line":38,"column":23}},"38":{"start":{"line":39,"column":0},"end":{"line":39,"column":22}},"39":{"start":{"line":40,"column":0},"end":{"line":40,"column":9}},"40":{"start":{"line":41,"column":0},"end":{"line":41,"column":7}},"41":{"start":{"line":42,"column":0},"end":{"line":42,"column":5}},"42":{"start":{"line":43,"column":0},"end":{"line":43,"column":3}}},"s":{"0":1,"1":1,"25":1,"26":1,"27":1,"28":1,"29":2,"30":2,"31":0,"32":0,"33":0,"34":2,"36":2,"37":2,"38":0,"39":0,"40":2,"41":2,"42":1},"branchMap":{"0":{"type":"branch","line":29,"loc":{"start":{"line":29,"column":13},"end":{"line":42,"column":5}},"locations":[{"start":{"line":29,"column":13},"end":{"line":42,"column":5}}]}},"b":{"0":[2]},"fnMap":{"0":{"name":"endpoints","decl":{"start":{"line":29,"column":13},"end":{"line":42,"column":5}},"loc":{"start":{"line":29,"column":13},"end":{"line":42,"column":5}},"line":29},"1":{"name":"query","decl":{"start":{"line":31,"column":13},"end":{"line":34,"column":9}},"loc":{"start":{"line":31,"column":13},"end":{"line":34,"column":9}},"line":31},"2":{"name":"query","decl":{"start":{"line":38,"column":13},"end":{"line":40,"column":9}},"loc":{"start":{"line":38,"column":13},"end":{"line":40,"column":9}},"line":38}},"f":{"0":2,"1":0,"2":0}}
,"E:\\RSSchool\\React2024Q3\\src\\app\\index.tsx": {"path":"E:\\RSSchool\\React2024Q3\\src\\app\\index.tsx","all":true,"statementMap":{"0":{"start":{"line":1,"column":0},"end":{"line":1,"column":33}},"1":{"start":{"line":2,"column":0},"end":{"line":2,"column":48}},"2":{"start":{"line":3,"column":0},"end":{"line":3,"column":52}},"3":{"start":{"line":4,"column":0},"end":{"line":4,"column":46}},"4":{"start":{"line":5,"column":0},"end":{"line":5,"column":50}},"5":{"start":{"line":6,"column":0},"end":{"line":6,"column":52}},"6":{"start":{"line":7,"column":0},"end":{"line":7,"column":42}},"7":{"start":{"line":8,"column":0},"end":{"line":8,"column":39}},"8":{"start":{"line":9,"column":0},"end":{"line":9,"column":39}},"9":{"start":{"line":10,"column":0},"end":{"line":10,"column":56}},"11":{"start":{"line":12,"column":0},"end":{"line":12,"column":16}},"12":{"start":{"line":13,"column":0},"end":{"line":13,"column":85}},"13":{"start":{"line":14,"column":0},"end":{"line":14,"column":66}},"14":{"start":{"line":15,"column":0},"end":{"line":15,"column":52}},"16":{"start":{"line":17,"column":0},"end":{"line":17,"column":10}},"17":{"start":{"line":18,"column":0},"end":{"line":18,"column":63}},"18":{"start":{"line":19,"column":0},"end":{"line":19,"column":36}},"19":{"start":{"line":20,"column":0},"end":{"line":20,"column":66}},"20":{"start":{"line":21,"column":0},"end":{"line":21,"column":27}},"21":{"start":{"line":22,"column":0},"end":{"line":22,"column":16}},"22":{"start":{"line":23,"column":0},"end":{"line":23,"column":31}},"23":{"start":{"line":24,"column":0},"end":{"line":24,"column":27}},"24":{"start":{"line":25,"column":0},"end":{"line":25,"column":27}},"25":{"start":{"line":26,"column":0},"end":{"line":26,"column":76}},"26":{"start":{"line":27,"column":0},"end":{"line":27,"column":76}},"27":{"start":{"line":28,"column":0},"end":{"line":28,"column":29}},"28":{"start":{"line":29,"column":0},"end":{"line":29,"column":48}},"29":{"start":{"line":30,"column":0},"end":{"line":30,"column":17}},"30":{"start":{"line":31,"column":0},"end":{"line":31,"column":27}},"31":{"start":{"line":32,"column":0},"end":{"line":32,"column":14}},"32":{"start":{"line":33,"column":0},"end":{"line":33,"column":17}},"33":{"start":{"line":34,"column":0},"end":{"line":34,"column":28}},"35":{"start":{"line":36,"column":0},"end":{"line":36,"column":1}},"37":{"start":{"line":38,"column":0},"end":{"line":38,"column":19}}},"s":{"0":0,"1":0,"2":0,"3":0,"4":0,"5":0,"6":0,"7":0,"8":0,"9":0,"11":0,"12":0,"13":0,"14":0,"16":0,"17":0,"18":0,"19":0,"20":0,"21":0,"22":0,"23":0,"24":0,"25":0,"26":0,"27":0,"28":0,"29":0,"30":0,"31":0,"32":0,"33":0,"35":0,"37":0},"branchMap":{"0":{"type":"branch","line":1,"loc":{"start":{"line":1,"column":0},"end":{"line":38,"column":-846}},"locations":[{"start":{"line":1,"column":0},"end":{"line":38,"column":-846}}]}},"b":{"0":[0]},"fnMap":{"0":{"name":"(empty-report)","decl":{"start":{"line":1,"column":0},"end":{"line":38,"column":-846}},"loc":{"start":{"line":1,"column":0},"end":{"line":38,"column":-846}},"line":1}},"f":{"0":0}}
,"E:\\RSSchool\\React2024Q3\\src\\components\\CheckedDetail\\index.tsx": {"path":"E:\\RSSchool\\React2024Q3\\src\\components\\CheckedDetail\\index.tsx","all":false,"statementMap":{"0":{"start":{"line":1,"column":0},"end":{"line":1,"column":55}},"2":{"start":{"line":3,"column":0},"end":{"line":3,"column":65}},"3":{"start":{"line":4,"column":0},"end":{"line":4,"column":54}},"5":{"start":{"line":6,"column":0},"end":{"line":6,"column":26}},"6":{"start":{"line":7,"column":0},"end":{"line":7,"column":33}},"7":{"start":{"line":8,"column":0},"end":{"line":8,"column":93}},"8":{"start":{"line":9,"column":0},"end":{"line":9,"column":53}},"10":{"start":{"line":11,"column":0},"end":{"line":11,"column":10}},"11":{"start":{"line":12,"column":0},"end":{"line":12,"column":6}},"12":{"start":{"line":13,"column":0},"end":{"line":13,"column":30}},"13":{"start":{"line":14,"column":0},"end":{"line":14,"column":12}},"14":{"start":{"line":15,"column":0},"end":{"line":15,"column":47}},"15":{"start":{"line":16,"column":0},"end":{"line":16,"column":61}},"17":{"start":{"line":18,"column":0},"end":{"line":18,"column":55}},"18":{"start":{"line":19,"column":0},"end":{"line":19,"column":89}},"20":{"start":{"line":21,"column":0},"end":{"line":21,"column":19}},"21":{"start":{"line":22,"column":0},"end":{"line":22,"column":17}},"22":{"start":{"line":23,"column":0},"end":{"line":23,"column":36}},"23":{"start":{"line":24,"column":0},"end":{"line":24,"column":28}},"24":{"start":{"line":25,"column":0},"end":{"line":25,"column":71}},"25":{"start":{"line":26,"column":0},"end":{"line":26,"column":14}},"26":{"start":{"line":27,"column":0},"end":{"line":27,"column":11}},"28":{"start":{"line":29,"column":0},"end":{"line":29,"column":19}},"29":{"start":{"line":30,"column":0},"end":{"line":30,"column":14}},"30":{"start":{"line":31,"column":0},"end":{"line":31,"column":15}},"31":{"start":{"line":32,"column":0},"end":{"line":32,"column":7}},"33":{"start":{"line":34,"column":0},"end":{"line":34,"column":1}},"35":{"start":{"line":36,"column":0},"end":{"line":36,"column":29}}},"s":{"0":1,"2":1,"3":1,"5":3,"6":3,"7":3,"8":3,"10":3,"11":3,"12":3,"13":3,"14":3,"15":3,"17":3,"18":3,"20":3,"21":3,"22":3,"23":3,"24":1,"25":1,"26":3,"28":3,"29":3,"30":0,"31":3,"33":3,"35":1},"branchMap":{"0":{"type":"branch","line":6,"loc":{"start":{"line":6,"column":0},"end":{"line":34,"column":1}},"locations":[{"start":{"line":6,"column":0},"end":{"line":34,"column":1}}]},"1":{"type":"branch","line":30,"loc":{"start":{"line":30,"column":8},"end":{"line":31,"column":15}},"locations":[{"start":{"line":30,"column":8},"end":{"line":31,"column":15}}]},"2":{"type":"branch","line":8,"loc":{"start":{"line":8,"column":39},"end":{"line":8,"column":91}},"locations":[{"start":{"line":8,"column":39},"end":{"line":8,"column":91}}]},"3":{"type":"branch","line":19,"loc":{"start":{"line":19,"column":52},"end":{"line":19,"column":89}},"locations":[{"start":{"line":19,"column":52},"end":{"line":19,"column":89}}]},"4":{"type":"branch","line":24,"loc":{"start":{"line":24,"column":21},"end":{"line":26,"column":14}},"locations":[{"start":{"line":24,"column":21},"end":{"line":26,"column":14}}]}},"b":{"0":[3],"1":[0],"2":[6],"3":[1],"4":[1]},"fnMap":{"0":{"name":"CheckedDetail","decl":{"start":{"line":6,"column":0},"end":{"line":34,"column":1}},"loc":{"start":{"line":6,"column":0},"end":{"line":34,"column":1}},"line":6},"1":{"name":"onClick","decl":{"start":{"line":19,"column":52},"end":{"line":19,"column":89}},"loc":{"start":{"line":19,"column":52},"end":{"line":19,"column":89}},"line":19},"2":{"name":"onClick","decl":{"start":{"line":24,"column":21},"end":{"line":26,"column":14}},"loc":{"start":{"line":24,"column":21},"end":{"line":26,"column":14}},"line":24}},"f":{"0":3,"1":1,"2":1}}
,"E:\\RSSchool\\React2024Q3\\src\\components\\ErrorBoundary\\index.tsx": {"path":"E:\\RSSchool\\React2024Q3\\src\\components\\ErrorBoundary\\index.tsx","all":false,"statementMap":{"0":{"start":{"line":1,"column":0},"end":{"line":1,"column":56}},"11":{"start":{"line":12,"column":0},"end":{"line":12,"column":53}},"12":{"start":{"line":13,"column":0},"end":{"line":13,"column":35}},"13":{"start":{"line":14,"column":0},"end":{"line":14,"column":16}},"14":{"start":{"line":15,"column":0},"end":{"line":15,"column":20}},"15":{"start":{"line":16,"column":0},"end":{"line":16,"column":4}},"17":{"start":{"line":18,"column":0},"end":{"line":18,"column":64}},"18":{"start":{"line":19,"column":0},"end":{"line":19,"column":53}},"19":{"start":{"line":20,"column":0},"end":{"line":20,"column":58}},"20":{"start":{"line":21,"column":0},"end":{"line":21,"column":3}},"22":{"start":{"line":23,"column":0},"end":{"line":23,"column":19}},"23":{"start":{"line":24,"column":0},"end":{"line":24,"column":31}},"24":{"start":{"line":25,"column":0},"end":{"line":25,"column":14}},"25":{"start":{"line":26,"column":0},"end":{"line":26,"column":41}},"26":{"start":{"line":27,"column":0},"end":{"line":27,"column":42}},"27":{"start":{"line":28,"column":0},"end":{"line":28,"column":19}},"28":{"start":{"line":29,"column":0},"end":{"line":29,"column":61}},"29":{"start":{"line":30,"column":0},"end":{"line":30,"column":18}},"30":{"start":{"line":31,"column":0},"end":{"line":31,"column":49}},"31":{"start":{"line":32,"column":0},"end":{"line":32,"column":20}},"32":{"start":{"line":33,"column":0},"end":{"line":33,"column":14}},"34":{"start":{"line":35,"column":0},"end":{"line":35,"column":5}},"36":{"start":{"line":37,"column":0},"end":{"line":37,"column":31}},"37":{"start":{"line":38,"column":0},"end":{"line":38,"column":3}},"38":{"start":{"line":39,"column":0},"end":{"line":39,"column":1}},"40":{"start":{"line":41,"column":0},"end":{"line":41,"column":29}}},"s":{"0":1,"11":1,"12":5,"13":5,"14":5,"15":5,"17":5,"18":2,"19":2,"20":2,"22":5,"23":7,"24":2,"25":2,"26":2,"27":2,"28":2,"29":2,"30":2,"31":2,"32":2,"34":2,"36":5,"37":7,"38":5,"40":1},"branchMap":{"0":{"type":"branch","line":12,"loc":{"start":{"line":12,"column":52},"end":{"line":39,"column":1}},"locations":[{"start":{"line":12,"column":52},"end":{"line":39,"column":1}}]},"1":{"type":"branch","line":18,"loc":{"start":{"line":18,"column":9},"end":{"line":21,"column":3}},"locations":[{"start":{"line":18,"column":9},"end":{"line":21,"column":3}}]},"2":{"type":"branch","line":23,"loc":{"start":{"line":23,"column":9},"end":{"line":38,"column":3}},"locations":[{"start":{"line":23,"column":9},"end":{"line":38,"column":3}}]},"3":{"type":"branch","line":24,"loc":{"start":{"line":24,"column":30},"end":{"line":35,"column":5}},"locations":[{"start":{"line":24,"column":30},"end":{"line":35,"column":5}}]},"4":{"type":"branch","line":35,"loc":{"start":{"line":35,"column":4},"end":{"line":37,"column":31}},"locations":[{"start":{"line":35,"column":4},"end":{"line":37,"column":31}}]}},"b":{"0":[5],"1":[2],"2":[7],"3":[2],"4":[5]},"fnMap":{"0":{"name":"<instance_members_initializer>","decl":{"start":{"line":12,"column":52},"end":{"line":39,"column":1}},"loc":{"start":{"line":12,"column":52},"end":{"line":39,"column":1}},"line":12},"1":{"name":"componentDidCatch","decl":{"start":{"line":18,"column":9},"end":{"line":21,"column":3}},"loc":{"start":{"line":18,"column":9},"end":{"line":21,"column":3}},"line":18},"2":{"name":"render","decl":{"start":{"line":23,"column":9},"end":{"line":38,"column":3}},"loc":{"start":{"line":23,"column":9},"end":{"line":38,"column":3}},"line":23}},"f":{"0":5,"1":2,"2":7}}
,"E:\\RSSchool\\React2024Q3\\src\\components\\ErrorButton\\index.tsx": {"path":"E:\\RSSchool\\React2024Q3\\src\\components\\ErrorButton\\index.tsx","all":false,"statementMap":{"0":{"start":{"line":1,"column":0},"end":{"line":1,"column":44}},"2":{"start":{"line":3,"column":0},"end":{"line":3,"column":24}},"3":{"start":{"line":4,"column":0},"end":{"line":4,"column":50}},"5":{"start":{"line":6,"column":0},"end":{"line":6,"column":19}},"6":{"start":{"line":7,"column":0},"end":{"line":7,"column":19}},"7":{"start":{"line":8,"column":0},"end":{"line":8,"column":49}},"8":{"start":{"line":9,"column":0},"end":{"line":9,"column":5}},"9":{"start":{"line":10,"column":0},"end":{"line":10,"column":17}},"11":{"start":{"line":12,"column":0},"end":{"line":12,"column":10}},"12":{"start":{"line":13,"column":0},"end":{"line":13,"column":71}},"14":{"start":{"line":15,"column":0},"end":{"line":15,"column":13}},"16":{"start":{"line":17,"column":0},"end":{"line":17,"column":1}},"18":{"start":{"line":19,"column":0},"end":{"line":19,"column":27}}},"s":{"0":1,"2":4,"3":4,"5":4,"6":3,"7":1,"8":1,"9":4,"11":4,"12":4,"14":4,"16":4,"18":1},"branchMap":{"0":{"type":"branch","line":3,"loc":{"start":{"line":3,"column":0},"end":{"line":17,"column":1}},"locations":[{"start":{"line":3,"column":0},"end":{"line":17,"column":1}}]},"1":{"type":"branch","line":6,"loc":{"start":{"line":6,"column":12},"end":{"line":10,"column":5}},"locations":[{"start":{"line":6,"column":12},"end":{"line":10,"column":5}}]},"2":{"type":"branch","line":7,"loc":{"start":{"line":7,"column":18},"end":{"line":9,"column":5}},"locations":[{"start":{"line":7,"column":18},"end":{"line":9,"column":5}}]},"3":{"type":"branch","line":13,"loc":{"start":{"line":13,"column":21},"end":{"line":13,"column":46}},"locations":[{"start":{"line":13,"column":21},"end":{"line":13,"column":46}}]}},"b":{"0":[4],"1":[3],"2":[1],"3":[1]},"fnMap":{"0":{"name":"ErrorButton","decl":{"start":{"line":3,"column":0},"end":{"line":17,"column":1}},"loc":{"start":{"line":3,"column":0},"end":{"line":17,"column":1}},"line":3},"1":{"name":"onClick","decl":{"start":{"line":13,"column":21},"end":{"line":13,"column":46}},"loc":{"start":{"line":13,"column":21},"end":{"line":13,"column":46}},"line":13}},"f":{"0":4,"1":1}}
,"E:\\RSSchool\\React2024Q3\\src\\components\\Loader\\index.tsx": {"path":"E:\\RSSchool\\React2024Q3\\src\\components\\Loader\\index.tsx","all":false,"statementMap":{"0":{"start":{"line":1,"column":0},"end":{"line":1,"column":19}},"1":{"start":{"line":2,"column":0},"end":{"line":2,"column":51}},"2":{"start":{"line":3,"column":0},"end":{"line":3,"column":1}},"4":{"start":{"line":5,"column":0},"end":{"line":5,"column":22}}},"s":{"0":2,"1":2,"2":2,"4":1},"branchMap":{"0":{"type":"branch","line":1,"loc":{"start":{"line":1,"column":0},"end":{"line":3,"column":1}},"locations":[{"start":{"line":1,"column":0},"end":{"line":3,"column":1}}]}},"b":{"0":[2]},"fnMap":{"0":{"name":"Loader","decl":{"start":{"line":1,"column":0},"end":{"line":3,"column":1}},"loc":{"start":{"line":1,"column":0},"end":{"line":3,"column":1}},"line":1}},"f":{"0":2}}
,"E:\\RSSchool\\React2024Q3\\src\\components\\Pagination\\index.tsx": {"path":"E:\\RSSchool\\React2024Q3\\src\\components\\Pagination\\index.tsx","all":false,"statementMap":{"0":{"start":{"line":1,"column":0},"end":{"line":1,"column":44}},"1":{"start":{"line":2,"column":0},"end":{"line":2,"column":58}},"7":{"start":{"line":8,"column":0},"end":{"line":8,"column":35}},"8":{"start":{"line":9,"column":0},"end":{"line":9,"column":54}},"9":{"start":{"line":10,"column":0},"end":{"line":10,"column":33}},"10":{"start":{"line":11,"column":0},"end":{"line":11,"column":31}},"12":{"start":{"line":13,"column":0},"end":{"line":13,"column":19}},"13":{"start":{"line":14,"column":0},"end":{"line":14,"column":30}},"14":{"start":{"line":15,"column":0},"end":{"line":15,"column":24}},"16":{"start":{"line":17,"column":0},"end":{"line":17,"column":10}},"17":{"start":{"line":18,"column":0},"end":{"line":18,"column":37}},"18":{"start":{"line":19,"column":0},"end":{"line":19,"column":19}},"19":{"start":{"line":20,"column":0},"end":{"line":20,"column":16}},"20":{"start":{"line":21,"column":0},"end":{"line":21,"column":28}},"21":{"start":{"line":22,"column":0},"end":{"line":22,"column":17}},"22":{"start":{"line":23,"column":0},"end":{"line":23,"column":28}},"23":{"start":{"line":24,"column":0},"end":{"line":24,"column":46}},"24":{"start":{"line":25,"column":0},"end":{"line":25,"column":14}},"25":{"start":{"line":26,"column":0},"end":{"line":26,"column":23}},"26":{"start":{"line":27,"column":0},"end":{"line":27,"column":69}},"27":{"start":{"line":28,"column":0},"end":{"line":28,"column":55}},"28":{"start":{"line":29,"column":0},"end":{"line":29,"column":33}},"30":{"start":{"line":31,"column":0},"end":{"line":31,"column":23}},"32":{"start":{"line":33,"column":0},"end":{"line":33,"column":23}},"33":{"start":{"line":34,"column":0},"end":{"line":34,"column":19}},"34":{"start":{"line":35,"column":0},"end":{"line":35,"column":11}},"35":{"start":{"line":36,"column":0},"end":{"line":36,"column":10}},"37":{"start":{"line":38,"column":0},"end":{"line":38,"column":1}},"39":{"start":{"line":40,"column":0},"end":{"line":40,"column":26}}},"s":{"0":1,"1":1,"7":3,"8":3,"9":3,"10":3,"12":3,"13":3,"14":3,"16":3,"17":3,"18":3,"19":3,"20":3,"21":15,"22":15,"23":1,"24":1,"25":15,"26":15,"27":3,"28":12,"30":15,"32":15,"33":15,"34":3,"35":3,"37":3,"39":1},"branchMap":{"0":{"type":"branch","line":8,"loc":{"start":{"line":8,"column":0},"end":{"line":38,"column":1}},"locations":[{"start":{"line":8,"column":0},"end":{"line":38,"column":1}}]},"1":{"type":"branch","line":13,"loc":{"start":{"line":13,"column":12},"end":{"line":15,"column":5}},"locations":[{"start":{"line":13,"column":12},"end":{"line":15,"column":5}}]},"2":{"type":"branch","line":21,"loc":{"start":{"line":21,"column":13},"end":{"line":34,"column":19}},"locations":[{"start":{"line":21,"column":13},"end":{"line":34,"column":19}}]},"3":{"type":"branch","line":27,"loc":{"start":{"line":27,"column":15},"end":{"line":27,"column":48}},"locations":[{"start":{"line":27,"column":15},"end":{"line":27,"column":48}}]},"4":{"type":"branch","line":27,"loc":{"start":{"line":27,"column":67},"end":{"line":28,"column":55}},"locations":[{"start":{"line":27,"column":67},"end":{"line":28,"column":55}}]},"5":{"type":"branch","line":28,"loc":{"start":{"line":28,"column":18},"end":{"line":29,"column":33}},"locations":[{"start":{"line":28,"column":18},"end":{"line":29,"column":33}}]},"6":{"type":"branch","line":23,"loc":{"start":{"line":23,"column":21},"end":{"line":25,"column":14}},"locations":[{"start":{"line":23,"column":21},"end":{"line":25,"column":14}}]}},"b":{"0":[3],"1":[3],"2":[15],"3":[0],"4":[3],"5":[12],"6":[1]},"fnMap":{"0":{"name":"Pagination","decl":{"start":{"line":8,"column":0},"end":{"line":38,"column":1}},"loc":{"start":{"line":8,"column":0},"end":{"line":38,"column":1}},"line":8},"1":{"name":"onClick","decl":{"start":{"line":23,"column":21},"end":{"line":25,"column":14}},"loc":{"start":{"line":23,"column":21},"end":{"line":25,"column":14}},"line":23}},"f":{"0":3,"1":1}}
,"E:\\RSSchool\\React2024Q3\\src\\components\\PokeCard\\index.tsx": {"path":"E:\\RSSchool\\React2024Q3\\src\\components\\PokeCard\\index.tsx","all":false,"statementMap":{"0":{"start":{"line":1,"column":0},"end":{"line":1,"column":71}},"1":{"start":{"line":2,"column":0},"end":{"line":2,"column":48}},"2":{"start":{"line":3,"column":0},"end":{"line":3,"column":42}},"3":{"start":{"line":4,"column":0},"end":{"line":4,"column":65}},"4":{"start":{"line":5,"column":0},"end":{"line":5,"column":42}},"12":{"start":{"line":13,"column":0},"end":{"line":13,"column":33}},"13":{"start":{"line":14,"column":0},"end":{"line":14,"column":33}},"14":{"start":{"line":15,"column":0},"end":{"line":15,"column":33}},"15":{"start":{"line":16,"column":0},"end":{"line":16,"column":33}},"16":{"start":{"line":17,"column":0},"end":{"line":17,"column":69}},"17":{"start":{"line":18,"column":0},"end":{"line":18,"column":93}},"18":{"start":{"line":19,"column":0},"end":{"line":19,"column":33}},"20":{"start":{"line":21,"column":0},"end":{"line":21,"column":25}},"21":{"start":{"line":22,"column":0},"end":{"line":22,"column":13}},"22":{"start":{"line":23,"column":0},"end":{"line":23,"column":17}},"23":{"start":{"line":24,"column":0},"end":{"line":24,"column":27}},"24":{"start":{"line":25,"column":0},"end":{"line":25,"column":20}},"26":{"start":{"line":27,"column":0},"end":{"line":27,"column":10}},"27":{"start":{"line":28,"column":0},"end":{"line":28,"column":8}},"28":{"start":{"line":29,"column":0},"end":{"line":29,"column":27}},"29":{"start":{"line":30,"column":0},"end":{"line":30,"column":32}},"30":{"start":{"line":31,"column":0},"end":{"line":31,"column":21}},"31":{"start":{"line":32,"column":0},"end":{"line":32,"column":84}},"32":{"start":{"line":33,"column":0},"end":{"line":33,"column":16}},"33":{"start":{"line":34,"column":0},"end":{"line":34,"column":64}},"34":{"start":{"line":35,"column":0},"end":{"line":35,"column":9}},"35":{"start":{"line":36,"column":0},"end":{"line":36,"column":8}},"36":{"start":{"line":37,"column":0},"end":{"line":37,"column":33}},"38":{"start":{"line":39,"column":0},"end":{"line":39,"column":27}},"39":{"start":{"line":40,"column":0},"end":{"line":40,"column":12}},"40":{"start":{"line":41,"column":0},"end":{"line":41,"column":23}},"41":{"start":{"line":42,"column":0},"end":{"line":42,"column":70}},"42":{"start":{"line":43,"column":0},"end":{"line":43,"column":52}},"43":{"start":{"line":44,"column":0},"end":{"line":44,"column":30}},"44":{"start":{"line":45,"column":0},"end":{"line":45,"column":78}},"45":{"start":{"line":46,"column":0},"end":{"line":46,"column":95}},"46":{"start":{"line":47,"column":0},"end":{"line":47,"column":26}},"47":{"start":{"line":48,"column":0},"end":{"line":48,"column":51}},"48":{"start":{"line":49,"column":0},"end":{"line":49,"column":55}},"49":{"start":{"line":50,"column":0},"end":{"line":50,"column":10}},"50":{"start":{"line":51,"column":0},"end":{"line":51,"column":15}},"51":{"start":{"line":52,"column":0},"end":{"line":52,"column":10}},"53":{"start":{"line":54,"column":0},"end":{"line":54,"column":1}},"55":{"start":{"line":56,"column":0},"end":{"line":56,"column":24}}},"s":{"0":1,"1":1,"2":1,"3":1,"4":1,"12":9,"13":9,"14":9,"15":9,"16":9,"17":9,"18":9,"20":9,"21":4,"22":4,"23":4,"24":4,"26":9,"27":9,"28":9,"29":1,"30":1,"31":0,"32":1,"33":1,"34":1,"35":1,"36":9,"38":9,"39":9,"40":9,"41":9,"42":9,"43":9,"44":2,"45":2,"46":2,"47":1,"48":1,"49":2,"50":9,"51":9,"53":9,"55":1},"branchMap":{"0":{"type":"branch","line":13,"loc":{"start":{"line":13,"column":0},"end":{"line":54,"column":1}},"locations":[{"start":{"line":13,"column":0},"end":{"line":54,"column":1}}]},"1":{"type":"branch","line":18,"loc":{"start":{"line":18,"column":39},"end":{"line":18,"column":91}},"locations":[{"start":{"line":18,"column":39},"end":{"line":18,"column":91}}]},"2":{"type":"branch","line":21,"loc":{"start":{"line":21,"column":20},"end":{"line":25,"column":20}},"locations":[{"start":{"line":21,"column":20},"end":{"line":25,"column":20}}]},"3":{"type":"branch","line":24,"loc":{"start":{"line":24,"column":14},"end":{"line":24,"column":26}},"locations":[{"start":{"line":24,"column":14},"end":{"line":24,"column":26}}]},"4":{"type":"branch","line":29,"loc":{"start":{"line":29,"column":15},"end":{"line":36,"column":8}},"locations":[{"start":{"line":29,"column":15},"end":{"line":36,"column":8}}]},"5":{"type":"branch","line":31,"loc":{"start":{"line":31,"column":20},"end":{"line":33,"column":15}},"locations":[{"start":{"line":31,"column":20},"end":{"line":33,"column":15}}]},"6":{"type":"branch","line":42,"loc":{"start":{"line":42,"column":35},"end":{"line":42,"column":68}},"locations":[{"start":{"line":42,"column":35},"end":{"line":42,"column":68}}]},"7":{"type":"branch","line":43,"loc":{"start":{"line":43,"column":17},"end":{"line":43,"column":52}},"locations":[{"start":{"line":43,"column":17},"end":{"line":43,"column":52}}]},"8":{"type":"branch","line":44,"loc":{"start":{"line":44,"column":18},"end":{"line":50,"column":10}},"locations":[{"start":{"line":44,"column":18},"end":{"line":50,"column":10}}]},"9":{"type":"branch","line":47,"loc":{"start":{"line":47,"column":19},"end":{"line":48,"column":51}},"locations":[{"start":{"line":47,"column":19},"end":{"line":48,"column":51}}]},"10":{"type":"branch","line":48,"loc":{"start":{"line":48,"column":50},"end":{"line":49,"column":55}},"locations":[{"start":{"line":48,"column":50},"end":{"line":49,"column":55}}]}},"b":{"0":[9],"1":[13],"2":[4],"3":[16],"4":[1],"5":[0],"6":[1],"7":[2],"8":[2],"9":[1],"10":[1]},"fnMap":{"0":{"name":"PokeCard","decl":{"start":{"line":13,"column":0},"end":{"line":54,"column":1}},"loc":{"start":{"line":13,"column":0},"end":{"line":54,"column":1}},"line":13},"1":{"name":"getPokeId","decl":{"start":{"line":21,"column":20},"end":{"line":25,"column":20}},"loc":{"start":{"line":21,"column":20},"end":{"line":25,"column":20}},"line":21},"2":{"name":"onClick","decl":{"start":{"line":29,"column":15},"end":{"line":36,"column":8}},"loc":{"start":{"line":29,"column":15},"end":{"line":36,"column":8}},"line":29},"3":{"name":"onClick","decl":{"start":{"line":43,"column":17},"end":{"line":43,"column":52}},"loc":{"start":{"line":43,"column":17},"end":{"line":43,"column":52}},"line":43},"4":{"name":"onChange","decl":{"start":{"line":44,"column":18},"end":{"line":50,"column":10}},"loc":{"start":{"line":44,"column":18},"end":{"line":50,"column":10}},"line":44}},"f":{"0":9,"1":4,"2":1,"3":2,"4":2}}
,"E:\\RSSchool\\React2024Q3\\src\\components\\PokeData\\index.tsx": {"path":"E:\\RSSchool\\React2024Q3\\src\\components\\PokeData\\index.tsx","all":false,"statementMap":{"0":{"start":{"line":1,"column":0},"end":{"line":1,"column":44}},"1":{"start":{"line":2,"column":0},"end":{"line":2,"column":35}},"2":{"start":{"line":3,"column":0},"end":{"line":3,"column":33}},"3":{"start":{"line":4,"column":0},"end":{"line":4,"column":50}},"4":{"start":{"line":5,"column":0},"end":{"line":5,"column":31}},"5":{"start":{"line":6,"column":0},"end":{"line":6,"column":79}},"6":{"start":{"line":7,"column":0},"end":{"line":7,"column":48}},"14":{"start":{"line":15,"column":0},"end":{"line":15,"column":33}},"15":{"start":{"line":16,"column":0},"end":{"line":16,"column":42}},"16":{"start":{"line":17,"column":0},"end":{"line":17,"column":82}},"17":{"start":{"line":18,"column":0},"end":{"line":18,"column":60}},"18":{"start":{"line":19,"column":0},"end":{"line":19,"column":51}},"19":{"start":{"line":20,"column":0},"end":{"line":20,"column":33}},"20":{"start":{"line":21,"column":0},"end":{"line":21,"column":33}},"21":{"start":{"line":22,"column":0},"end":{"line":22,"column":31}},"22":{"start":{"line":23,"column":0},"end":{"line":23,"column":33}},"24":{"start":{"line":25,"column":0},"end":{"line":25,"column":90}},"25":{"start":{"line":26,"column":0},"end":{"line":26,"column":64}},"26":{"start":{"line":27,"column":0},"end":{"line":27,"column":52}},"27":{"start":{"line":28,"column":0},"end":{"line":28,"column":76}},"28":{"start":{"line":29,"column":0},"end":{"line":29,"column":6}},"29":{"start":{"line":30,"column":0},"end":{"line":30,"column":33}},"30":{"start":{"line":31,"column":0},"end":{"line":31,"column":66}},"31":{"start":{"line":32,"column":0},"end":{"line":32,"column":25}},"32":{"start":{"line":33,"column":0},"end":{"line":33,"column":4}},"34":{"start":{"line":35,"column":0},"end":{"line":35,"column":19}},"35":{"start":{"line":36,"column":0},"end":{"line":36,"column":23}},"36":{"start":{"line":37,"column":0},"end":{"line":37,"column":59}},"37":{"start":{"line":38,"column":0},"end":{"line":38,"column":67}},"38":{"start":{"line":39,"column":0},"end":{"line":39,"column":32}},"40":{"start":{"line":41,"column":0},"end":{"line":41,"column":19}},"41":{"start":{"line":42,"column":0},"end":{"line":42,"column":22}},"42":{"start":{"line":43,"column":0},"end":{"line":43,"column":47}},"43":{"start":{"line":44,"column":0},"end":{"line":44,"column":13}},"45":{"start":{"line":46,"column":0},"end":{"line":46,"column":10}},"46":{"start":{"line":47,"column":0},"end":{"line":47,"column":41}},"47":{"start":{"line":48,"column":0},"end":{"line":48,"column":10}},"48":{"start":{"line":49,"column":0},"end":{"line":49,"column":29}},"49":{"start":{"line":50,"column":0},"end":{"line":50,"column":81}},"51":{"start":{"line":52,"column":0},"end":{"line":52,"column":67}},"52":{"start":{"line":53,"column":0},"end":{"line":53,"column":34}},"53":{"start":{"line":54,"column":0},"end":{"line":54,"column":48}},"54":{"start":{"line":55,"column":0},"end":{"line":55,"column":25}},"55":{"start":{"line":56,"column":0},"end":{"line":56,"column":49}},"56":{"start":{"line":57,"column":0},"end":{"line":57,"column":92}},"57":{"start":{"line":58,"column":0},"end":{"line":58,"column":13}},"58":{"start":{"line":59,"column":0},"end":{"line":59,"column":12}},"59":{"start":{"line":60,"column":0},"end":{"line":60,"column":16}},"60":{"start":{"line":61,"column":0},"end":{"line":61,"column":10}},"62":{"start":{"line":63,"column":0},"end":{"line":63,"column":1}},"64":{"start":{"line":65,"column":0},"end":{"line":65,"column":24}}},"s":{"0":1,"1":1,"2":1,"3":1,"4":1,"5":1,"6":1,"14":7,"15":7,"16":7,"17":7,"18":7,"19":7,"20":7,"21":7,"22":7,"24":7,"25":7,"26":3,"27":4,"28":3,"29":3,"30":3,"31":3,"32":3,"34":7,"35":4,"36":3,"37":3,"38":7,"40":7,"41":4,"42":4,"43":7,"45":7,"46":7,"47":7,"48":7,"49":7,"51":7,"52":7,"53":7,"54":7,"55":6,"56":6,"57":6,"58":7,"59":7,"60":7,"62":7,"64":1},"branchMap":{"0":{"type":"branch","line":15,"loc":{"start":{"line":15,"column":0},"end":{"line":63,"column":1}},"locations":[{"start":{"line":15,"column":0},"end":{"line":63,"column":1}}]},"1":{"type":"branch","line":52,"loc":{"start":{"line":52,"column":9},"end":{"line":52,"column":67}},"locations":[{"start":{"line":52,"column":9},"end":{"line":52,"column":67}}]},"2":{"type":"branch","line":53,"loc":{"start":{"line":53,"column":9},"end":{"line":53,"column":34}},"locations":[{"start":{"line":53,"column":9},"end":{"line":53,"column":34}}]},"3":{"type":"branch","line":54,"loc":{"start":{"line":54,"column":9},"end":{"line":54,"column":48}},"locations":[{"start":{"line":54,"column":9},"end":{"line":54,"column":48}}]},"4":{"type":"branch","line":55,"loc":{"start":{"line":55,"column":9},"end":{"line":58,"column":13}},"locations":[{"start":{"line":55,"column":9},"end":{"line":58,"column":13}}]},"5":{"type":"branch","line":25,"loc":{"start":{"line":25,"column":23},"end":{"line":25,"column":90}},"locations":[{"start":{"line":25,"column":23},"end":{"line":25,"column":90}}]},"6":{"type":"branch","line":26,"loc":{"start":{"line":26,"column":22},"end":{"line":33,"column":4}},"locations":[{"start":{"line":26,"column":22},"end":{"line":33,"column":4}}]},"7":{"type":"branch","line":27,"loc":{"start":{"line":27,"column":43},"end":{"line":28,"column":76}},"locations":[{"start":{"line":27,"column":43},"end":{"line":28,"column":76}}]},"8":{"type":"branch","line":35,"loc":{"start":{"line":35,"column":12},"end":{"line":39,"column":5}},"locations":[{"start":{"line":35,"column":12},"end":{"line":39,"column":5}}]},"9":{"type":"branch","line":36,"loc":{"start":{"line":36,"column":16},"end":{"line":36,"column":23}},"locations":[{"start":{"line":36,"column":16},"end":{"line":36,"column":23}}]},"10":{"type":"branch","line":36,"loc":{"start":{"line":36,"column":16},"end":{"line":38,"column":67}},"locations":[{"start":{"line":36,"column":16},"end":{"line":38,"column":67}}]},"11":{"type":"branch","line":41,"loc":{"start":{"line":41,"column":12},"end":{"line":44,"column":5}},"locations":[{"start":{"line":41,"column":12},"end":{"line":44,"column":5}}]},"12":{"type":"branch","line":42,"loc":{"start":{"line":42,"column":15},"end":{"line":42,"column":22}},"locations":[{"start":{"line":42,"column":15},"end":{"line":42,"column":22}}]},"13":{"type":"branch","line":56,"loc":{"start":{"line":56,"column":36},"end":{"line":57,"column":92}},"locations":[{"start":{"line":56,"column":36},"end":{"line":57,"column":92}}]}},"b":{"0":[7],"1":[1],"2":[0],"3":[1],"4":[6],"5":[6],"6":[3],"7":[4],"8":[4],"9":[1],"10":[3],"11":[4],"12":[0],"13":[6]},"fnMap":{"0":{"name":"PokeData","decl":{"start":{"line":15,"column":0},"end":{"line":63,"column":1}},"loc":{"start":{"line":15,"column":0},"end":{"line":63,"column":1}},"line":15},"1":{"name":"setUpperChar","decl":{"start":{"line":25,"column":23},"end":{"line":25,"column":90}},"loc":{"start":{"line":25,"column":23},"end":{"line":25,"column":90}},"line":25},"2":{"name":"filterPokes","decl":{"start":{"line":26,"column":22},"end":{"line":33,"column":4}},"loc":{"start":{"line":26,"column":22},"end":{"line":33,"column":4}},"line":26},"3":{"name":"onClick","decl":{"start":{"line":50,"column":17},"end":{"line":50,"column":81}},"loc":{"start":{"line":50,"column":17},"end":{"line":50,"column":81}},"line":50}},"f":{"0":7,"1":6,"2":3,"3":0}}
,"E:\\RSSchool\\React2024Q3\\src\\components\\PokeDetail\\index.tsx": {"path":"E:\\RSSchool\\React2024Q3\\src\\components\\PokeDetail\\index.tsx","all":false,"statementMap":{"0":{"start":{"line":1,"column":0},"end":{"line":1,"column":58}},"1":{"start":{"line":2,"column":0},"end":{"line":2,"column":48}},"2":{"start":{"line":3,"column":0},"end":{"line":3,"column":43}},"3":{"start":{"line":4,"column":0},"end":{"line":4,"column":31}},"6":{"start":{"line":7,"column":0},"end":{"line":7,"column":23}},"7":{"start":{"line":8,"column":0},"end":{"line":8,"column":33}},"8":{"start":{"line":9,"column":0},"end":{"line":9,"column":88}},"9":{"start":{"line":10,"column":0},"end":{"line":10,"column":33}},"11":{"start":{"line":12,"column":0},"end":{"line":12,"column":10}},"12":{"start":{"line":13,"column":0},"end":{"line":13,"column":55}},"13":{"start":{"line":14,"column":0},"end":{"line":14,"column":65}},"14":{"start":{"line":15,"column":0},"end":{"line":15,"column":32}},"15":{"start":{"line":16,"column":0},"end":{"line":16,"column":16}},"16":{"start":{"line":17,"column":0},"end":{"line":17,"column":10}},"17":{"start":{"line":18,"column":0},"end":{"line":18,"column":14}},"18":{"start":{"line":19,"column":0},"end":{"line":19,"column":81}},"19":{"start":{"line":20,"column":0},"end":{"line":20,"column":75}},"20":{"start":{"line":21,"column":0},"end":{"line":21,"column":11}},"22":{"start":{"line":23,"column":0},"end":{"line":23,"column":16}},"23":{"start":{"line":24,"column":0},"end":{"line":24,"column":30}},"24":{"start":{"line":25,"column":0},"end":{"line":25,"column":52}},"25":{"start":{"line":26,"column":0},"end":{"line":26,"column":53}},"26":{"start":{"line":27,"column":0},"end":{"line":27,"column":53}},"27":{"start":{"line":28,"column":0},"end":{"line":28,"column":62}},"28":{"start":{"line":29,"column":0},"end":{"line":29,"column":39}},"29":{"start":{"line":30,"column":0},"end":{"line":30,"column":51}},"30":{"start":{"line":31,"column":0},"end":{"line":31,"column":11}},"32":{"start":{"line":33,"column":0},"end":{"line":33,"column":10}},"34":{"start":{"line":35,"column":0},"end":{"line":35,"column":1}},"36":{"start":{"line":37,"column":0},"end":{"line":37,"column":26}}},"s":{"0":1,"1":1,"2":1,"3":1,"6":3,"7":3,"8":3,"9":3,"11":3,"12":3,"13":3,"14":3,"15":3,"16":2,"17":2,"18":2,"19":2,"20":2,"22":2,"23":2,"24":2,"25":2,"26":2,"27":2,"28":2,"29":2,"30":2,"32":3,"34":3,"36":1},"branchMap":{"0":{"type":"branch","line":7,"loc":{"start":{"line":7,"column":0},"end":{"line":35,"column":1}},"locations":[{"start":{"line":7,"column":0},"end":{"line":35,"column":1}}]},"1":{"type":"branch","line":9,"loc":{"start":{"line":9,"column":74},"end":{"line":9,"column":86}},"locations":[{"start":{"line":9,"column":74},"end":{"line":9,"column":86}}]},"2":{"type":"branch","line":14,"loc":{"start":{"line":14,"column":7},"end":{"line":14,"column":65}},"locations":[{"start":{"line":14,"column":7},"end":{"line":14,"column":65}}]},"3":{"type":"branch","line":15,"loc":{"start":{"line":15,"column":7},"end":{"line":15,"column":32}},"locations":[{"start":{"line":15,"column":7},"end":{"line":15,"column":32}}]},"4":{"type":"branch","line":16,"loc":{"start":{"line":16,"column":7},"end":{"line":31,"column":11}},"locations":[{"start":{"line":16,"column":7},"end":{"line":31,"column":11}}]},"5":{"type":"branch","line":20,"loc":{"start":{"line":20,"column":21},"end":{"line":20,"column":75}},"locations":[{"start":{"line":20,"column":21},"end":{"line":20,"column":75}}]}},"b":{"0":[3],"1":[0],"2":[1],"3":[0],"4":[2],"5":[1]},"fnMap":{"0":{"name":"PokeDetail","decl":{"start":{"line":7,"column":0},"end":{"line":35,"column":1}},"loc":{"start":{"line":7,"column":0},"end":{"line":35,"column":1}},"line":7},"1":{"name":"onClick","decl":{"start":{"line":20,"column":21},"end":{"line":20,"column":75}},"loc":{"start":{"line":20,"column":21},"end":{"line":20,"column":75}},"line":20}},"f":{"0":3,"1":1}}
,"E:\\RSSchool\\React2024Q3\\src\\components\\Search\\index.tsx": {"path":"E:\\RSSchool\\React2024Q3\\src\\components\\Search\\index.tsx","all":false,"statementMap":{"0":{"start":{"line":1,"column":0},"end":{"line":1,"column":33}},"7":{"start":{"line":8,"column":0},"end":{"line":8,"column":31}},"8":{"start":{"line":9,"column":0},"end":{"line":9,"column":77}},"10":{"start":{"line":11,"column":0},"end":{"line":11,"column":10}},"11":{"start":{"line":12,"column":0},"end":{"line":12,"column":39}},"12":{"start":{"line":13,"column":0},"end":{"line":13,"column":12}},"13":{"start":{"line":14,"column":0},"end":{"line":14,"column":22}},"14":{"start":{"line":15,"column":0},"end":{"line":15,"column":33}},"15":{"start":{"line":16,"column":0},"end":{"line":16,"column":66}},"16":{"start":{"line":17,"column":0},"end":{"line":17,"column":15}},"17":{"start":{"line":18,"column":0},"end":{"line":18,"column":13}},"18":{"start":{"line":19,"column":0},"end":{"line":19,"column":29}},"19":{"start":{"line":20,"column":0},"end":{"line":20,"column":33}},"20":{"start":{"line":21,"column":0},"end":{"line":21,"column":38}},"21":{"start":{"line":22,"column":0},"end":{"line":22,"column":49}},"22":{"start":{"line":23,"column":0},"end":{"line":23,"column":10}},"23":{"start":{"line":24,"column":0},"end":{"line":24,"column":34}},"24":{"start":{"line":25,"column":0},"end":{"line":25,"column":7}},"26":{"start":{"line":27,"column":0},"end":{"line":27,"column":15}},"27":{"start":{"line":28,"column":0},"end":{"line":28,"column":11}},"29":{"start":{"line":30,"column":0},"end":{"line":30,"column":1}},"31":{"start":{"line":32,"column":0},"end":{"line":32,"column":22}}},"s":{"0":1,"7":7,"8":7,"10":7,"11":7,"12":7,"13":7,"14":7,"15":7,"16":7,"17":7,"18":7,"19":2,"20":2,"21":2,"22":2,"23":7,"24":7,"26":7,"27":7,"29":7,"31":1},"branchMap":{"0":{"type":"branch","line":8,"loc":{"start":{"line":8,"column":0},"end":{"line":30,"column":1}},"locations":[{"start":{"line":8,"column":0},"end":{"line":30,"column":1}}]},"1":{"type":"branch","line":9,"loc":{"start":{"line":9,"column":68},"end":{"line":9,"column":75}},"locations":[{"start":{"line":9,"column":68},"end":{"line":9,"column":75}}]},"2":{"type":"branch","line":16,"loc":{"start":{"line":16,"column":18},"end":{"line":16,"column":66}},"locations":[{"start":{"line":16,"column":18},"end":{"line":16,"column":66}}]},"3":{"type":"branch","line":19,"loc":{"start":{"line":19,"column":17},"end":{"line":23,"column":10}},"locations":[{"start":{"line":19,"column":17},"end":{"line":23,"column":10}}]}},"b":{"0":[7],"1":[6],"2":[2],"3":[2]},"fnMap":{"0":{"name":"Search","decl":{"start":{"line":8,"column":0},"end":{"line":30,"column":1}},"loc":{"start":{"line":8,"column":0},"end":{"line":30,"column":1}},"line":8},"1":{"name":"onChange","decl":{"start":{"line":16,"column":18},"end":{"line":16,"column":66}},"loc":{"start":{"line":16,"column":18},"end":{"line":16,"column":66}},"line":16},"2":{"name":"onClick","decl":{"start":{"line":19,"column":17},"end":{"line":23,"column":10}},"loc":{"start":{"line":19,"column":17},"end":{"line":23,"column":10}},"line":19}},"f":{"0":7,"1":2,"2":2}}
,"E:\\RSSchool\\React2024Q3\\src\\components\\ThemeButton\\index.tsx": {"path":"E:\\RSSchool\\React2024Q3\\src\\components\\ThemeButton\\index.tsx","all":false,"statementMap":{"0":{"start":{"line":1,"column":0},"end":{"line":1,"column":35}},"1":{"start":{"line":2,"column":0},"end":{"line":2,"column":45}},"3":{"start":{"line":4,"column":0},"end":{"line":4,"column":24}},"4":{"start":{"line":5,"column":0},"end":{"line":5,"column":41}},"5":{"start":{"line":6,"column":0},"end":{"line":6,"column":10}},"6":{"start":{"line":7,"column":0},"end":{"line":7,"column":11}},"7":{"start":{"line":8,"column":0},"end":{"line":8,"column":96}},"8":{"start":{"line":9,"column":0},"end":{"line":9,"column":30}},"9":{"start":{"line":10,"column":0},"end":{"line":10,"column":5}},"11":{"start":{"line":12,"column":0},"end":{"line":12,"column":13}},"13":{"start":{"line":14,"column":0},"end":{"line":14,"column":1}},"15":{"start":{"line":16,"column":0},"end":{"line":16,"column":27}}},"s":{"0":1,"1":1,"3":3,"4":3,"5":3,"6":3,"7":3,"8":3,"9":3,"11":3,"13":3,"15":1},"branchMap":{"0":{"type":"branch","line":4,"loc":{"start":{"line":4,"column":0},"end":{"line":14,"column":1}},"locations":[{"start":{"line":4,"column":0},"end":{"line":14,"column":1}}]},"1":{"type":"branch","line":8,"loc":{"start":{"line":8,"column":15},"end":{"line":8,"column":96}},"locations":[{"start":{"line":8,"column":15},"end":{"line":8,"column":96}}]},"2":{"type":"branch","line":8,"loc":{"start":{"line":8,"column":29},"end":{"line":8,"column":69}},"locations":[{"start":{"line":8,"column":29},"end":{"line":8,"column":69}}]},"3":{"type":"branch","line":8,"loc":{"start":{"line":8,"column":65},"end":{"line":8,"column":96}},"locations":[{"start":{"line":8,"column":65},"end":{"line":8,"column":96}}]}},"b":{"0":[3],"1":[2],"2":[1],"3":[1]},"fnMap":{"0":{"name":"ThemeButton","decl":{"start":{"line":4,"column":0},"end":{"line":14,"column":1}},"loc":{"start":{"line":4,"column":0},"end":{"line":14,"column":1}},"line":4},"1":{"name":"onClick","decl":{"start":{"line":8,"column":15},"end":{"line":8,"column":96}},"loc":{"start":{"line":8,"column":15},"end":{"line":8,"column":96}},"line":8}},"f":{"0":3,"1":2}}
,"E:\\RSSchool\\React2024Q3\\src\\context\\index.ts": {"path":"E:\\RSSchool\\React2024Q3\\src\\context\\index.ts","all":false,"statementMap":{"0":{"start":{"line":1,"column":0},"end":{"line":1,"column":38}},"7":{"start":{"line":8,"column":0},"end":{"line":8,"column":73}}},"s":{"0":1,"7":1},"branchMap":{},"b":{},"fnMap":{},"f":{}}
,"E:\\RSSchool\\React2024Q3\\src\\data\\index.ts": {"path":"E:\\RSSchool\\React2024Q3\\src\\data\\index.ts","all":false,"statementMap":{"4":{"start":{"line":5,"column":0},"end":{"line":5,"column":23}},"5":{"start":{"line":6,"column":0},"end":{"line":6,"column":46}},"6":{"start":{"line":7,"column":0},"end":{"line":7,"column":16}},"7":{"start":{"line":8,"column":0},"end":{"line":8,"column":2}},"9":{"start":{"line":10,"column":0},"end":{"line":10,"column":23}}},"s":{"4":1,"5":1,"6":1,"7":1,"9":1},"branchMap":{},"b":{},"fnMap":{},"f":{}}
,"E:\\RSSchool\\React2024Q3\\src\\pages\\404\\index.tsx": {"path":"E:\\RSSchool\\React2024Q3\\src\\pages\\404\\index.tsx","all":false,"statementMap":{"0":{"start":{"line":1,"column":0},"end":{"line":1,"column":40}},"2":{"start":{"line":3,"column":0},"end":{"line":3,"column":21}},"3":{"start":{"line":4,"column":0},"end":{"line":4,"column":10}},"4":{"start":{"line":5,"column":0},"end":{"line":5,"column":31}},"5":{"start":{"line":6,"column":0},"end":{"line":6,"column":67}},"6":{"start":{"line":7,"column":0},"end":{"line":7,"column":38}},"7":{"start":{"line":8,"column":0},"end":{"line":8,"column":10}},"9":{"start":{"line":10,"column":0},"end":{"line":10,"column":1}},"11":{"start":{"line":12,"column":0},"end":{"line":12,"column":24}}},"s":{"0":1,"2":2,"3":2,"4":2,"5":2,"6":2,"7":2,"9":2,"11":1},"branchMap":{"0":{"type":"branch","line":3,"loc":{"start":{"line":3,"column":0},"end":{"line":10,"column":1}},"locations":[{"start":{"line":3,"column":0},"end":{"line":10,"column":1}}]}},"b":{"0":[2]},"fnMap":{"0":{"name":"NotFound","decl":{"start":{"line":3,"column":0},"end":{"line":10,"column":1}},"loc":{"start":{"line":3,"column":0},"end":{"line":10,"column":1}},"line":3}},"f":{"0":2}}
,"E:\\RSSchool\\React2024Q3\\src\\store\\index.ts": {"path":"E:\\RSSchool\\React2024Q3\\src\\store\\index.ts","all":false,"statementMap":{"0":{"start":{"line":1,"column":0},"end":{"line":1,"column":67}},"1":{"start":{"line":2,"column":0},"end":{"line":2,"column":58}},"2":{"start":{"line":3,"column":0},"end":{"line":3,"column":40}},"4":{"start":{"line":5,"column":0},"end":{"line":5,"column":44}},"5":{"start":{"line":6,"column":0},"end":{"line":6,"column":22}},"6":{"start":{"line":7,"column":0},"end":{"line":7,"column":45}},"7":{"start":{"line":8,"column":0},"end":{"line":8,"column":3}},"9":{"start":{"line":10,"column":0},"end":{"line":10,"column":43}},"10":{"start":{"line":11,"column":0},"end":{"line":11,"column":23}},"11":{"start":{"line":12,"column":0},"end":{"line":12,"column":92}},"12":{"start":{"line":13,"column":0},"end":{"line":13,"column":3}}},"s":{"0":1,"1":1,"2":1,"4":1,"5":1,"6":1,"7":1,"9":1,"10":1,"11":1,"12":1},"branchMap":{"0":{"type":"branch","line":12,"loc":{"start":{"line":12,"column":14},"end":{"line":12,"column":92}},"locations":[{"start":{"line":12,"column":14},"end":{"line":12,"column":92}}]}},"b":{"0":[1]},"fnMap":{"0":{"name":"middleware","decl":{"start":{"line":12,"column":14},"end":{"line":12,"column":92}},"loc":{"start":{"line":12,"column":14},"end":{"line":12,"column":92}},"line":12}},"f":{"0":1}}
,"E:\\RSSchool\\React2024Q3\\src\\store\\reducers\\CheckedSlice.ts": {"path":"E:\\RSSchool\\React2024Q3\\src\\store\\reducers\\CheckedSlice.ts","all":false,"statementMap":{"0":{"start":{"line":1,"column":0},"end":{"line":1,"column":62}},"12":{"start":{"line":13,"column":0},"end":{"line":13,"column":34}},"13":{"start":{"line":14,"column":0},"end":{"line":14,"column":19}},"14":{"start":{"line":15,"column":0},"end":{"line":15,"column":2}},"16":{"start":{"line":17,"column":0},"end":{"line":17,"column":41}},"17":{"start":{"line":18,"column":0},"end":{"line":18,"column":23}},"18":{"start":{"line":19,"column":0},"end":{"line":19,"column":26}},"19":{"start":{"line":20,"column":0},"end":{"line":20,"column":13}},"20":{"start":{"line":21,"column":0},"end":{"line":21,"column":57}},"21":{"start":{"line":22,"column":0},"end":{"line":22,"column":62}},"22":{"start":{"line":23,"column":0},"end":{"line":23,"column":35}},"23":{"start":{"line":24,"column":0},"end":{"line":24,"column":30}},"24":{"start":{"line":25,"column":0},"end":{"line":25,"column":27}},"25":{"start":{"line":26,"column":0},"end":{"line":26,"column":12}},"26":{"start":{"line":27,"column":0},"end":{"line":27,"column":33}},"27":{"start":{"line":28,"column":0},"end":{"line":28,"column":6}},"28":{"start":{"line":29,"column":0},"end":{"line":29,"column":60}},"29":{"start":{"line":30,"column":0},"end":{"line":30,"column":87}},"30":{"start":{"line":31,"column":0},"end":{"line":31,"column":35}},"31":{"start":{"line":32,"column":0},"end":{"line":32,"column":30}},"32":{"start":{"line":33,"column":0},"end":{"line":33,"column":27}},"33":{"start":{"line":34,"column":0},"end":{"line":34,"column":12}},"35":{"start":{"line":36,"column":0},"end":{"line":36,"column":33}},"36":{"start":{"line":37,"column":0},"end":{"line":37,"column":6}},"37":{"start":{"line":38,"column":0},"end":{"line":38,"column":30}},"38":{"start":{"line":39,"column":0},"end":{"line":39,"column":30}},"39":{"start":{"line":40,"column":0},"end":{"line":40,"column":6}},"40":{"start":{"line":41,"column":0},"end":{"line":41,"column":4}},"41":{"start":{"line":42,"column":0},"end":{"line":42,"column":3}},"43":{"start":{"line":44,"column":0},"end":{"line":44,"column":36}},"44":{"start":{"line":45,"column":0},"end":{"line":45,"column":93}},"45":{"start":{"line":46,"column":0},"end":{"line":46,"column":56}}},"s":{"0":1,"12":1,"13":1,"14":1,"16":1,"17":1,"18":1,"19":1,"20":1,"21":3,"22":3,"23":4,"24":4,"25":3,"26":3,"27":3,"28":1,"29":1,"30":1,"31":0,"32":0,"33":1,"35":1,"36":1,"37":1,"38":1,"39":1,"40":1,"41":1,"43":1,"44":1,"45":1},"branchMap":{"0":{"type":"branch","line":21,"loc":{"start":{"line":21,"column":4},"end":{"line":28,"column":6}},"locations":[{"start":{"line":21,"column":4},"end":{"line":28,"column":6}}]},"1":{"type":"branch","line":23,"loc":{"start":{"line":23,"column":19},"end":{"line":26,"column":9}},"locations":[{"start":{"line":23,"column":19},"end":{"line":26,"column":9}}]},"2":{"type":"branch","line":29,"loc":{"start":{"line":29,"column":4},"end":{"line":37,"column":6}},"locations":[{"start":{"line":29,"column":4},"end":{"line":37,"column":6}}]},"3":{"type":"branch","line":30,"loc":{"start":{"line":30,"column":46},"end":{"line":30,"column":85}},"locations":[{"start":{"line":30,"column":46},"end":{"line":30,"column":85}}]},"4":{"type":"branch","line":38,"loc":{"start":{"line":38,"column":4},"end":{"line":40,"column":6}},"locations":[{"start":{"line":38,"column":4},"end":{"line":40,"column":6}}]}},"b":{"0":[3],"1":[4],"2":[1],"3":[2],"4":[1]},"fnMap":{"0":{"name":"addCheckedCard","decl":{"start":{"line":21,"column":4},"end":{"line":28,"column":6}},"loc":{"start":{"line":21,"column":4},"end":{"line":28,"column":6}},"line":21},"1":{"name":"removeCheckedCard","decl":{"start":{"line":29,"column":4},"end":{"line":37,"column":6}},"loc":{"start":{"line":29,"column":4},"end":{"line":37,"column":6}},"line":29},"2":{"name":"clearCheckedCards","decl":{"start":{"line":38,"column":4},"end":{"line":40,"column":6}},"loc":{"start":{"line":38,"column":4},"end":{"line":40,"column":6}},"line":38}},"f":{"0":3,"1":1,"2":1}}
,"E:\\RSSchool\\React2024Q3\\src\\utils\\downloadCSV.ts": {"path":"E:\\RSSchool\\React2024Q3\\src\\utils\\downloadCSV.ts","all":false,"statementMap":{"2":{"start":{"line":3,"column":0},"end":{"line":3,"column":69}},"3":{"start":{"line":4,"column":0},"end":{"line":4,"column":35}},"4":{"start":{"line":5,"column":0},"end":{"line":5,"column":23}},"5":{"start":{"line":6,"column":0},"end":{"line":6,"column":82}},"6":{"start":{"line":7,"column":0},"end":{"line":7,"column":16}},"7":{"start":{"line":8,"column":0},"end":{"line":8,"column":95}},"8":{"start":{"line":9,"column":0},"end":{"line":9,"column":43}},"9":{"start":{"line":10,"column":0},"end":{"line":10,"column":40}},"10":{"start":{"line":11,"column":0},"end":{"line":11,"column":15}},"11":{"start":{"line":12,"column":0},"end":{"line":12,"column":24}},"12":{"start":{"line":13,"column":0},"end":{"line":13,"column":12}},"13":{"start":{"line":14,"column":0},"end":{"line":14,"column":27}},"14":{"start":{"line":15,"column":0},"end":{"line":15,"column":1}}},"s":{"2":1,"3":1,"4":1,"5":1,"6":1,"7":1,"8":1,"9":1,"10":1,"11":1,"12":1,"13":1,"14":1},"branchMap":{"0":{"type":"branch","line":3,"loc":{"start":{"line":3,"column":7},"end":{"line":15,"column":1}},"locations":[{"start":{"line":3,"column":7},"end":{"line":15,"column":1}}]},"1":{"type":"branch","line":6,"loc":{"start":{"line":6,"column":9},"end":{"line":6,"column":81}},"locations":[{"start":{"line":6,"column":9},"end":{"line":6,"column":81}}]}},"b":{"0":[1],"1":[2]},"fnMap":{"0":{"name":"downloadCSV","decl":{"start":{"line":3,"column":7},"end":{"line":15,"column":1}},"loc":{"start":{"line":3,"column":7},"end":{"line":15,"column":1}},"line":3}},"f":{"0":1}}
,"E:\\RSSchool\\React2024Q3\\src\\utils\\trimPath.ts": {"path":"E:\\RSSchool\\React2024Q3\\src\\utils\\trimPath.ts","all":false,"statementMap":{"0":{"start":{"line":1,"column":0},"end":{"line":1,"column":54}},"1":{"start":{"line":2,"column":0},"end":{"line":2,"column":30}},"2":{"start":{"line":3,"column":0},"end":{"line":3,"column":34}},"3":{"start":{"line":4,"column":0},"end":{"line":4,"column":21}},"4":{"start":{"line":5,"column":0},"end":{"line":5,"column":47}},"5":{"start":{"line":6,"column":0},"end":{"line":6,"column":3}},"6":{"start":{"line":7,"column":0},"end":{"line":7,"column":29}},"7":{"start":{"line":8,"column":0},"end":{"line":8,"column":1}}},"s":{"0":1,"1":6,"2":6,"3":6,"4":2,"5":2,"6":4,"7":4},"branchMap":{"0":{"type":"branch","line":1,"loc":{"start":{"line":1,"column":7},"end":{"line":8,"column":1}},"locations":[{"start":{"line":1,"column":7},"end":{"line":8,"column":1}}]},"1":{"type":"branch","line":4,"loc":{"start":{"line":4,"column":20},"end":{"line":6,"column":3}},"locations":[{"start":{"line":4,"column":20},"end":{"line":6,"column":3}}]},"2":{"type":"branch","line":6,"loc":{"start":{"line":6,"column":2},"end":{"line":8,"column":1}},"locations":[{"start":{"line":6,"column":2},"end":{"line":8,"column":1}}]}},"b":{"0":[6],"1":[2],"2":[4]},"fnMap":{"0":{"name":"trimPath","decl":{"start":{"line":1,"column":7},"end":{"line":8,"column":1}},"loc":{"start":{"line":1,"column":7},"end":{"line":8,"column":1}},"line":1}},"f":{"0":6}}
}
